<?xml version="1.0" encoding="UTF-8"?>
<!-- Generated by org.testng.reporters.JUnitReportReporter -->
<testsuite hostname="DESKTOP-ALVIBGB" failures="0" tests="3" name="tests.Task2" time="3.207" errors="0" timestamp="2021-10-13T15:08:38 EET" skipped="0">
  <testcase classname="tests.Task2" name="test1" time="2.349"/>
  <system-out/>
  <testcase classname="tests.Task2" name="test4" time="0.555"/>
  <system-out/>
  <testcase classname="tests.Task2" name="test2" time="0.303"/>
  <system-out/>
</testsuite> <!-- tests.Task2 -->
