<?xml version="1.0" encoding="UTF-8"?>
<!-- Generated by org.testng.reporters.JUnitReportReporter -->
<testsuite hostname="DESKTOP-ALVIBGB" failures="0" tests="1" name="tests.Task1" time="5.456" errors="0" timestamp="2021-10-13T16:19:54 EET" skipped="0">
  <testcase classname="tests.Task1" name="SearchFunction" time="5.456"/>
  <system-out/>
</testsuite> <!-- tests.Task1 -->
